#
# There is insufficient memory for the Java Runtime Environment to continue.
# Native memory allocation (mmap) failed to map 130023424 bytes for G1 virtual space
# Possible reasons:
#   The system is out of physical RAM or swap space
#   The process is running with CompressedOops enabled, and the Java Heap may be blocking the growth of the native heap
# Possible solutions:
#   Reduce memory load on the system
#   Increase physical memory or swap space
#   Check if swap backing store is full
#   Decrease Java heap size (-Xmx/-Xms)
#   Decrease number of Java threads
#   Decrease Java thread stack sizes (-Xss)
#   Set larger code cache with -XX:ReservedCodeCacheSize=
#   JVM is running with Unscaled Compressed Oops mode in which the Java heap is
#     placed in the first 4GB address space. The Java Heap base address is the
#     maximum limit for the native heap growth. Please use -XX:HeapBaseMinAddress
#     to set the Java Heap base and to place the Java Heap above 4GB virtual address.
# This output file may be truncated or incomplete.
#
#  Out of Memory Error (os_windows.cpp:3528), pid=13240, tid=27812
#
# JRE version:  (20.0.1+9) (build )
# Java VM: Java HotSpot(TM) 64-Bit Server VM (20.0.1+9-29, mixed mode, sharing, tiered, compressed oops, compressed class ptrs, g1 gc, windows-amd64)
# No core dump will be written. Minidumps are not enabled by default on client versions of Windows
#

---------------  S U M M A R Y ------------

Command Line: -Dfile.encoding=UTF-8 --module-path=C:\Users\sansk\OneDrive\Documents\NetBeansProjects\QuizApplication\build\classes quizapplication.Quiz

Host: 11th Gen Intel(R) Core(TM) i3-1125G4 @ 2.00GHz, 8 cores, 7G,  Windows 11 , 64 bit Build 22621 (10.0.22621.3672)
Time: Mon Jul 29 23:24:39 2024 India Standard Time elapsed time: 0.013133 seconds (0d 0h 0m 0s)

---------------  T H R E A D  ---------------

Current thread (0x000002114583c7d0):  JavaThread "Unknown thread" [_thread_in_vm, id=27812, stack(0x00000099c3e00000,0x00000099c3f00000)]

Stack: [0x00000099c3e00000,0x00000099c3f00000]
Native frames: (J=compiled Java code, j=interpreted, Vv=VM code, C=native code)
V  [jvm.dll+0x6bb95a]
V  [jvm.dll+0x8485fa]
V  [jvm.dll+0x84a1f5]
V  [jvm.dll+0x84a8f3]
V  [jvm.dll+0x280b0f]
V  [jvm.dll+0x6b86e9]
V  [jvm.dll+0x6ad2da]
V  [jvm.dll+0x35adf5]
V  [jvm.dll+0x363016]
V  [jvm.dll+0x3b3b3e]
V  [jvm.dll+0x3b3dc5]
V  [jvm.dll+0x32b50a]
V  [jvm.dll+0x32c32b]
V  [jvm.dll+0x8112bf]
V  [jvm.dll+0x3c0d91]
V  [jvm.dll+0x7fcfe3]
V  [jvm.dll+0x44c76f]
V  [jvm.dll+0x44e0e1]
C  [jli.dll+0x5287]
C  [ucrtbase.dll+0x29333]
C  [KERNEL32.DLL+0x1257d]
C  [ntdll.dll+0x5af28]


---------------  P R O C E S S  ---------------

Threads class SMR info:
_java_thread_list=0x00007fff594ca098, length=0, elements={
}

Java Threads: ( => current thread )

Other Threads:
  0x000002114589d9e0 WorkerThread "GC Thread#0" [stack: 0x00000099c3f00000,0x00000099c4000000] [id=17816]
  0x00000211458ae0f0 ConcurrentGCThread "G1 Main Marker" [stack: 0x00000099c4000000,0x00000099c4100000] [id=7932]
  0x00000211458aecc0 WorkerThread "G1 Conc#0" [stack: 0x00000099c4100000,0x00000099c4200000] [id=17920]

[error occurred during error reporting (printing all threads), id 0xc0000005, EXCEPTION_ACCESS_VIOLATION (0xc0000005) at pc=0x00007fff58caeb47]
VM state: not at safepoint (not fully initialized)

VM Mutex/Monitor currently owned by a thread:  ([mutex/lock_event])
[0x000002114583b4d0] Heap_lock - owner thread: 0x000002114583c7d0

Heap address: 0x0000000084000000, size: 1984 MB, Compressed Oops mode: 32-bit

CDS archive(s) mapped at: [0x0000000000000000-0x0000000000000000-0x0000000000000000), size 0, SharedBaseAddress: 0x0000000800000000, ArchiveRelocationMode: 0.
Narrow klass base: 0x0000000000000000, Narrow klass shift: 0, Narrow klass range: 0x0

GC Precious Log:
 CardTable entry size: 512
 Card Set container configuration: InlinePtr #cards 5 size 8 Array Of Cards #cards 12 size 40 Howl #buckets 4 coarsen threshold 1843 Howl Bitmap #cards 512 size 80 coarsen threshold 460 Card regions per heap region 1 cards per card region 2048

Heap:
 garbage-first heap   total 0K, used 0K [0x0000000084000000, 0x0000000100000000)
  region size 1024K, 0 young (0K), 0 survivors (0K)

[error occurred during error reporting (printing heap information), id 0xc0000005, EXCEPTION_ACCESS_VIOLATION (0xc0000005) at pc=0x00007fff59083c59]
GC Heap History (0 events):
No events

Dll operation events (1 events):
Event: 0.007 Loaded shared library C:\Program Files\Java\jdk-20\bin\java.dll

Deoptimization events (0 events):
No events

Classes loaded (0 events):
No events

Classes unloaded (0 events):
No events

Classes redefined (0 events):
No events

Internal exceptions (0 events):
No events

VM Operations (0 events):
No events

Events (0 events):
No events


Dynamic libraries:
0x00007ff79d070000 - 0x00007ff79d080000 	C:\Program Files\Java\jdk-20\bin\java.exe
0x00007fffae1f0000 - 0x00007fffae407000 	C:\WINDOWS\SYSTEM32\ntdll.dll
0x00007fffac320000 - 0x00007fffac3e4000 	C:\WINDOWS\System32\KERNEL32.DLL
0x00007fffab5c0000 - 0x00007fffab96d000 	C:\WINDOWS\System32\KERNELBASE.dll
0x00007fffabc10000 - 0x00007fffabd21000 	C:\WINDOWS\System32\ucrtbase.dll
0x00007fff8c550000 - 0x00007fff8c56b000 	C:\Program Files\Java\jdk-20\bin\VCRUNTIME140.dll
0x00007fff5b910000 - 0x00007fff5b929000 	C:\Program Files\Java\jdk-20\bin\jli.dll
0x00007fffac3f0000 - 0x00007fffac4a2000 	C:\WINDOWS\System32\ADVAPI32.dll
0x00007fffabf30000 - 0x00007fffabfd7000 	C:\WINDOWS\System32\msvcrt.dll
0x00007fffacf80000 - 0x00007fffad029000 	C:\WINDOWS\System32\sechost.dll
0x00007fffabd30000 - 0x00007fffabd58000 	C:\WINDOWS\System32\bcrypt.dll
0x00007fffac120000 - 0x00007fffac234000 	C:\WINDOWS\System32\RPCRT4.dll
0x00007fffae000000 - 0x00007fffae1ae000 	C:\WINDOWS\System32\USER32.dll
0x00007fffabd60000 - 0x00007fffabd86000 	C:\WINDOWS\System32\win32u.dll
0x00007fff8a310000 - 0x00007fff8a5a3000 	C:\WINDOWS\WinSxS\amd64_microsoft.windows.common-controls_6595b64144ccf1df_6.0.22621.3672_none_2713b9d173822955\COMCTL32.dll
0x00007fffaddf0000 - 0x00007fffade19000 	C:\WINDOWS\System32\GDI32.dll
0x00007fffabd90000 - 0x00007fffabea9000 	C:\WINDOWS\System32\gdi32full.dll
0x00007fffab520000 - 0x00007fffab5ba000 	C:\WINDOWS\System32\msvcp_win.dll
0x00007fffa4920000 - 0x00007fffa492a000 	C:\WINDOWS\SYSTEM32\VERSION.dll
0x00007fffaded0000 - 0x00007fffadf01000 	C:\WINDOWS\System32\IMM32.DLL
0x00007fffa3640000 - 0x00007fffa364c000 	C:\Program Files\Java\jdk-20\bin\vcruntime140_1.dll
0x00007fff6f4e0000 - 0x00007fff6f56e000 	C:\Program Files\Java\jdk-20\bin\msvcp140.dll
0x00007fff58970000 - 0x00007fff59607000 	C:\Program Files\Java\jdk-20\bin\server\jvm.dll
0x00007fffa1f20000 - 0x00007fffa1f54000 	C:\WINDOWS\SYSTEM32\WINMM.dll
0x00007fffa3690000 - 0x00007fffa3699000 	C:\WINDOWS\SYSTEM32\WSOCK32.dll
0x00007fffacf00000 - 0x00007fffacf71000 	C:\WINDOWS\System32\WS2_32.dll
0x00007fffaa550000 - 0x00007fffaa568000 	C:\WINDOWS\SYSTEM32\kernel.appcore.dll
0x00007fffa3620000 - 0x00007fffa362a000 	C:\Program Files\Java\jdk-20\bin\jimage.dll
0x00007fffa8e40000 - 0x00007fffa9072000 	C:\WINDOWS\SYSTEM32\DBGHELP.DLL
0x00007fffada50000 - 0x00007fffaddd8000 	C:\WINDOWS\System32\combase.dll
0x00007fffac240000 - 0x00007fffac317000 	C:\WINDOWS\System32\OLEAUT32.dll
0x00007fff88670000 - 0x00007fff886a2000 	C:\WINDOWS\SYSTEM32\dbgcore.DLL
0x00007fffabeb0000 - 0x00007fffabf2b000 	C:\WINDOWS\System32\bcryptPrimitives.dll
0x00007fff89120000 - 0x00007fff89146000 	C:\Program Files\Java\jdk-20\bin\java.dll

dbghelp: loaded successfully - version: 4.0.5 - missing functions: none
symbol engine: initialized successfully - sym options: 0x614 - pdb path: .;C:\Program Files\Java\jdk-20\bin;C:\WINDOWS\SYSTEM32;C:\WINDOWS\WinSxS\amd64_microsoft.windows.common-controls_6595b64144ccf1df_6.0.22621.3672_none_2713b9d173822955;C:\Program Files\Java\jdk-20\bin\server

VM Arguments:
jvm_args: -Dfile.encoding=UTF-8 --module-path=C:\Users\sansk\OneDrive\Documents\NetBeansProjects\QuizApplication\build\classes 
java_command: quizapplication.Quiz
java_class_path (initial): C:\Users\sansk\OneDrive\Documents\NetBeansProjects\QuizApplication\build\classes
Launcher Type: SUN_STANDARD

[Global flags]
     intx CICompilerCount                          = 4                                         {product} {ergonomic}
     uint ConcGCThreads                            = 2                                         {product} {ergonomic}
     uint G1ConcRefinementThreads                  = 8                                         {product} {ergonomic}
   size_t G1HeapRegionSize                         = 1048576                                   {product} {ergonomic}
    uintx GCDrainStackTargetSize                   = 64                                        {product} {ergonomic}
   size_t InitialHeapSize                          = 130023424                                 {product} {ergonomic}
   size_t MarkStackSize                            = 4194304                                   {product} {ergonomic}
   size_t MaxHeapSize                              = 2080374784                                {product} {ergonomic}
   size_t MinHeapDeltaBytes                        = 1048576                                   {product} {ergonomic}
   size_t MinHeapSize                              = 8388608                                   {product} {ergonomic}
    uintx NonNMethodCodeHeapSize                   = 5839372                                {pd product} {ergonomic}
    uintx NonProfiledCodeHeapSize                  = 122909434                              {pd product} {ergonomic}
    uintx ProfiledCodeHeapSize                     = 122909434                              {pd product} {ergonomic}
    uintx ReservedCodeCacheSize                    = 251658240                              {pd product} {ergonomic}
     bool SegmentedCodeCache                       = true                                      {product} {ergonomic}
   size_t SoftMaxHeapSize                          = 2080374784                             {manageable} {ergonomic}
     bool UseCompressedClassPointers               = true                           {product lp64_product} {ergonomic}
     bool UseCompressedOops                        = true                           {product lp64_product} {ergonomic}
     bool UseG1GC                                  = true                                      {product} {ergonomic}
     bool UseLargePagesIndividualAllocation        = false                                  {pd product} {ergonomic}

Logging:
Log output configuration:
 #0: stdout all=warning uptime,level,tags foldmultilines=false
 #1: stderr all=off uptime,level,tags foldmultilines=false

Environment Variables:
PATH=C:\Program Files\Common Files\Oracle\Java\javapath;C:\Users\sansk\AppData\Local\Programs\Python\Python310\Scripts\;C:\WINDOWS\system32;C:\WINDOWS;C:\WINDOWS\System32\Wbem;C:\WINDOWS\System32\WindowsPowerShell\v1.0\;C:\WINDOWS\System32\OpenSSH\;C:\MinGW\bin;C:\Program Files\Java\jdk-20\bin;;C:\Program Files\HP\HP One Agent;C:\Users\sansk\AppData\Local\Programs\Python\Python310\Scripts\;C:\Users\sansk\AppData\Local\Programs\Python\Python310\;C:\Users\sansk\AppData\Local\Microsoft\WindowsApps;;C:\Users\sansk\AppData\Local\Programs\Microsoft VS Code\bin;C:\Users\sansk\AppData\Local\JetBrains\IntelliJ IDEA Community Edition 2023.2\bin;
USERNAME=sansk
OS=Windows_NT
PROCESSOR_IDENTIFIER=Intel64 Family 6 Model 140 Stepping 1, GenuineIntel
TMP=C:\Users\sansk\AppData\Local\Temp
TEMP=C:\Users\sansk\AppData\Local\Temp




---------------  S Y S T E M  ---------------

OS:
 Windows 11 , 64 bit Build 22621 (10.0.22621.3672)
OS uptime: 0 days 12:41 hours

CPU: total 8 (initial active 8) (4 cores per cpu, 2 threads per core) family 6 model 140 stepping 1 microcode 0xac, cx8, cmov, fxsr, ht, mmx, 3dnowpref, sse, sse2, sse3, ssse3, sse4.1, sse4.2, popcnt, lzcnt, tsc, tscinvbit, avx, avx2, aes, erms, clmul, bmi1, bmi2, adx, avx512f, avx512dq, avx512cd, avx512bw, avx512vl, sha, fma, vzeroupper, avx512_vpopcntdq, avx512_vpclmulqdq, avx512_vaes, avx512_vnni, clflush, clflushopt, clwb, avx512_vbmi2, avx512_vbmi, rdtscp, rdpid, fsrm, gfni, avx512_bitalg, f16c, pku, cet_ibt, cet_ss, avx512_ifma

Memory: 4k page, system-wide physical 7932M (529M free)
TotalPageFile size 32507M (AvailPageFile size 62M)
current process WorkingSet (physical memory assigned to process): 11M, peak: 11M
current process commit charge ("private bytes"): 60M, peak: 184M

vm_info: Java HotSpot(TM) 64-Bit Server VM (20.0.1+9-29) for windows-amd64 JRE (20.0.1+9-29), built on 2023-03-07T13:56:11Z by "mach5one" with MS VC++ 17.1 (VS2022)

END.
